{"/home/alex/projects/hexlet/frontend-project-lvl2/src/index.js": {"path":"/home/alex/projects/hexlet/frontend-project-lvl2/src/index.js","statementMap":{"0":{"start":{"line":4,"column":10},"end":{"line":4,"column":27}},"1":{"start":{"line":6,"column":16},"end":{"line":36,"column":1}},"2":{"start":{"line":7,"column":46},"end":{"line":7,"column":75}},"3":{"start":{"line":8,"column":17},"end":{"line":34,"column":8}},"4":{"start":{"line":8,"column":31},"end":{"line":34,"column":8}},"5":{"start":{"line":9,"column":4},"end":{"line":24,"column":5}},"6":{"start":{"line":10,"column":6},"end":{"line":15,"column":7}},"7":{"start":{"line":11,"column":21},"end":{"line":13,"column":9}},"8":{"start":{"line":14,"column":8},"end":{"line":14,"column":30}},"9":{"start":{"line":16,"column":6},"end":{"line":19,"column":7}},"10":{"start":{"line":17,"column":21},"end":{"line":17,"column":59}},"11":{"start":{"line":18,"column":8},"end":{"line":18,"column":30}},"12":{"start":{"line":20,"column":18},"end":{"line":22,"column":7}},"13":{"start":{"line":23,"column":6},"end":{"line":23,"column":27}},"14":{"start":{"line":25,"column":4},"end":{"line":28,"column":5}},"15":{"start":{"line":26,"column":22},"end":{"line":26,"column":66}},"16":{"start":{"line":27,"column":6},"end":{"line":27,"column":31}},"17":{"start":{"line":29,"column":4},"end":{"line":32,"column":5}},"18":{"start":{"line":30,"column":22},"end":{"line":30,"column":63}},"19":{"start":{"line":31,"column":6},"end":{"line":31,"column":31}},"20":{"start":{"line":33,"column":4},"end":{"line":33,"column":15}},"21":{"start":{"line":35,"column":2},"end":{"line":35,"column":59}}},"fnMap":{"0":{"name":"(anonymous_0)","decl":{"start":{"line":6,"column":16},"end":{"line":6,"column":17}},"loc":{"start":{"line":6,"column":51},"end":{"line":36,"column":1}},"line":6},"1":{"name":"(anonymous_1)","decl":{"start":{"line":8,"column":17},"end":{"line":8,"column":18}},"loc":{"start":{"line":8,"column":31},"end":{"line":34,"column":8}},"line":8},"2":{"name":"(anonymous_2)","decl":{"start":{"line":8,"column":43},"end":{"line":8,"column":44}},"loc":{"start":{"line":8,"column":55},"end":{"line":34,"column":3}},"line":8}},"branchMap":{"0":{"loc":{"start":{"line":9,"column":4},"end":{"line":24,"column":5}},"type":"if","locations":[{"start":{"line":9,"column":4},"end":{"line":24,"column":5}},{"start":{"line":9,"column":4},"end":{"line":24,"column":5}}],"line":9},"1":{"loc":{"start":{"line":9,"column":8},"end":{"line":9,"column":38}},"type":"binary-expr","locations":[{"start":{"line":9,"column":8},"end":{"line":9,"column":21}},{"start":{"line":9,"column":25},"end":{"line":9,"column":38}}],"line":9},"2":{"loc":{"start":{"line":10,"column":6},"end":{"line":15,"column":7}},"type":"if","locations":[{"start":{"line":10,"column":6},"end":{"line":15,"column":7}},{"start":{"line":10,"column":6},"end":{"line":15,"column":7}}],"line":10},"3":{"loc":{"start":{"line":10,"column":10},"end":{"line":10,"column":62}},"type":"binary-expr","locations":[{"start":{"line":10,"column":10},"end":{"line":10,"column":34}},{"start":{"line":10,"column":38},"end":{"line":10,"column":62}}],"line":10},"4":{"loc":{"start":{"line":16,"column":6},"end":{"line":19,"column":7}},"type":"if","locations":[{"start":{"line":16,"column":6},"end":{"line":19,"column":7}},{"start":{"line":16,"column":6},"end":{"line":19,"column":7}}],"line":16},"5":{"loc":{"start":{"line":25,"column":4},"end":{"line":28,"column":5}},"type":"if","locations":[{"start":{"line":25,"column":4},"end":{"line":28,"column":5}},{"start":{"line":25,"column":4},"end":{"line":28,"column":5}}],"line":25},"6":{"loc":{"start":{"line":29,"column":4},"end":{"line":32,"column":5}},"type":"if","locations":[{"start":{"line":29,"column":4},"end":{"line":32,"column":5}},{"start":{"line":29,"column":4},"end":{"line":32,"column":5}}],"line":29}},"s":{"0":3,"1":3,"2":9,"3":9,"4":36,"5":684,"6":81,"7":27,"8":27,"9":54,"10":27,"11":27,"12":27,"13":27,"14":603,"15":18,"16":18,"17":585,"18":45,"19":45,"20":540,"21":9},"f":{"0":9,"1":36,"2":684},"b":{"0":[81,603],"1":[684,99],"2":[27,54],"3":[81,36],"4":[27,27],"5":[18,585],"6":[45,540]},"_coverageSchema":"43e27e138ebf9cfc5966b082cf9a028302ed4184","hash":"a98ac894b1e0e76a3d929405c6b664bcd0c8fcb7"}
,"/home/alex/projects/hexlet/frontend-project-lvl2/src/parser.js": {"path":"/home/alex/projects/hexlet/frontend-project-lvl2/src/parser.js","statementMap":{"0":{"start":{"line":1,"column":11},"end":{"line":1,"column":24}},"1":{"start":{"line":2,"column":13},"end":{"line":2,"column":31}},"2":{"start":{"line":3,"column":13},"end":{"line":3,"column":28}},"3":{"start":{"line":4,"column":12},"end":{"line":4,"column":26}},"4":{"start":{"line":5,"column":10},"end":{"line":5,"column":27}},"5":{"start":{"line":7,"column":16},"end":{"line":15,"column":1}},"6":{"start":{"line":8,"column":15},"end":{"line":8,"column":29}},"7":{"start":{"line":9,"column":2},"end":{"line":14,"column":11}},"8":{"start":{"line":10,"column":4},"end":{"line":12,"column":5}},"9":{"start":{"line":11,"column":6},"end":{"line":11,"column":37}},"10":{"start":{"line":13,"column":4},"end":{"line":13,"column":23}},"11":{"start":{"line":17,"column":18},"end":{"line":40,"column":1}},"12":{"start":{"line":18,"column":20},"end":{"line":18,"column":43}},"13":{"start":{"line":19,"column":21},"end":{"line":19,"column":45}},"14":{"start":{"line":20,"column":22},"end":{"line":20,"column":66}},"15":{"start":{"line":21,"column":2},"end":{"line":26,"column":3}},"16":{"start":{"line":22,"column":4},"end":{"line":25,"column":6}},"17":{"start":{"line":27,"column":2},"end":{"line":32,"column":3}},"18":{"start":{"line":28,"column":4},"end":{"line":31,"column":6}},"19":{"start":{"line":33,"column":2},"end":{"line":38,"column":3}},"20":{"start":{"line":34,"column":4},"end":{"line":37,"column":6}},"21":{"start":{"line":39,"column":2},"end":{"line":39,"column":14}},"22":{"start":{"line":42,"column":15},"end":{"line":49,"column":1}},"23":{"start":{"line":43,"column":38},"end":{"line":43,"column":70}},"24":{"start":{"line":44,"column":15},"end":{"line":47,"column":5}},"25":{"start":{"line":48,"column":2},"end":{"line":48,"column":45}}},"fnMap":{"0":{"name":"(anonymous_0)","decl":{"start":{"line":7,"column":16},"end":{"line":7,"column":17}},"loc":{"start":{"line":7,"column":23},"end":{"line":15,"column":1}},"line":7},"1":{"name":"(anonymous_1)","decl":{"start":{"line":9,"column":21},"end":{"line":9,"column":22}},"loc":{"start":{"line":9,"column":33},"end":{"line":14,"column":3}},"line":9},"2":{"name":"(anonymous_2)","decl":{"start":{"line":17,"column":18},"end":{"line":17,"column":19}},"loc":{"start":{"line":17,"column":45},"end":{"line":40,"column":1}},"line":17},"3":{"name":"(anonymous_3)","decl":{"start":{"line":42,"column":15},"end":{"line":42,"column":16}},"loc":{"start":{"line":42,"column":42},"end":{"line":49,"column":1}},"line":42}},"branchMap":{"0":{"loc":{"start":{"line":10,"column":4},"end":{"line":12,"column":5}},"type":"if","locations":[{"start":{"line":10,"column":4},"end":{"line":12,"column":5}},{"start":{"line":10,"column":4},"end":{"line":12,"column":5}}],"line":10},"1":{"loc":{"start":{"line":20,"column":22},"end":{"line":20,"column":66}},"type":"cond-expr","locations":[{"start":{"line":20,"column":49},"end":{"line":20,"column":58}},{"start":{"line":20,"column":61},"end":{"line":20,"column":66}}],"line":20},"2":{"loc":{"start":{"line":21,"column":2},"end":{"line":26,"column":3}},"type":"if","locations":[{"start":{"line":21,"column":2},"end":{"line":26,"column":3}},{"start":{"line":21,"column":2},"end":{"line":26,"column":3}}],"line":21},"3":{"loc":{"start":{"line":27,"column":2},"end":{"line":32,"column":3}},"type":"if","locations":[{"start":{"line":27,"column":2},"end":{"line":32,"column":3}},{"start":{"line":27,"column":2},"end":{"line":32,"column":3}}],"line":27},"4":{"loc":{"start":{"line":33,"column":2},"end":{"line":38,"column":3}},"type":"if","locations":[{"start":{"line":33,"column":2},"end":{"line":38,"column":3}},{"start":{"line":33,"column":2},"end":{"line":38,"column":3}}],"line":33}},"s":{"0":3,"1":3,"2":3,"3":3,"4":3,"5":3,"6":117,"7":117,"8":270,"9":99,"10":171,"11":3,"12":9,"13":9,"14":9,"15":9,"16":3,"17":6,"18":3,"19":3,"20":3,"21":0,"22":3,"23":9,"24":9,"25":9},"f":{"0":117,"1":270,"2":9,"3":9},"b":{"0":[99,171],"1":[9,0],"2":[3,6],"3":[3,3],"4":[3,0]},"_coverageSchema":"43e27e138ebf9cfc5966b082cf9a028302ed4184","hash":"f5274731d29c969ad4513d7f9e0500a41ccbffcb"}
,"/home/alex/projects/hexlet/frontend-project-lvl2/src/formatters/index.js": {"path":"/home/alex/projects/hexlet/frontend-project-lvl2/src/formatters/index.js","statementMap":{"0":{"start":{"line":5,"column":15},"end":{"line":16,"column":1}},"1":{"start":{"line":6,"column":2},"end":{"line":8,"column":3}},"2":{"start":{"line":7,"column":4},"end":{"line":7,"column":21}},"3":{"start":{"line":9,"column":2},"end":{"line":11,"column":3}},"4":{"start":{"line":10,"column":4},"end":{"line":10,"column":22}},"5":{"start":{"line":12,"column":2},"end":{"line":14,"column":3}},"6":{"start":{"line":13,"column":4},"end":{"line":13,"column":21}},"7":{"start":{"line":15,"column":2},"end":{"line":15,"column":14}}},"fnMap":{"0":{"name":"(anonymous_0)","decl":{"start":{"line":5,"column":15},"end":{"line":5,"column":16}},"loc":{"start":{"line":5,"column":32},"end":{"line":16,"column":1}},"line":5}},"branchMap":{"0":{"loc":{"start":{"line":6,"column":2},"end":{"line":8,"column":3}},"type":"if","locations":[{"start":{"line":6,"column":2},"end":{"line":8,"column":3}},{"start":{"line":6,"column":2},"end":{"line":8,"column":3}}],"line":6},"1":{"loc":{"start":{"line":9,"column":2},"end":{"line":11,"column":3}},"type":"if","locations":[{"start":{"line":9,"column":2},"end":{"line":11,"column":3}},{"start":{"line":9,"column":2},"end":{"line":11,"column":3}}],"line":9},"2":{"loc":{"start":{"line":12,"column":2},"end":{"line":14,"column":3}},"type":"if","locations":[{"start":{"line":12,"column":2},"end":{"line":14,"column":3}},{"start":{"line":12,"column":2},"end":{"line":14,"column":3}}],"line":12}},"s":{"0":3,"1":9,"2":3,"3":6,"4":3,"5":3,"6":3,"7":0},"f":{"0":9},"b":{"0":[3,6],"1":[3,3],"2":[3,0]},"_coverageSchema":"43e27e138ebf9cfc5966b082cf9a028302ed4184","hash":"5818084b24a934656d4b38f49dffc7484919d493"}
,"/home/alex/projects/hexlet/frontend-project-lvl2/src/formatters/json.js": {"path":"/home/alex/projects/hexlet/frontend-project-lvl2/src/formatters/json.js","statementMap":{"0":{"start":{"line":1,"column":15},"end":{"line":20,"column":1}},"1":{"start":{"line":2,"column":15},"end":{"line":18,"column":8}},"2":{"start":{"line":2,"column":26},"end":{"line":18,"column":8}},"3":{"start":{"line":3,"column":4},"end":{"line":7,"column":5}},"4":{"start":{"line":4,"column":6},"end":{"line":6,"column":9}},"5":{"start":{"line":8,"column":4},"end":{"line":10,"column":5}},"6":{"start":{"line":9,"column":6},"end":{"line":9,"column":88}},"7":{"start":{"line":11,"column":4},"end":{"line":13,"column":5}},"8":{"start":{"line":12,"column":6},"end":{"line":12,"column":83}},"9":{"start":{"line":14,"column":4},"end":{"line":16,"column":5}},"10":{"start":{"line":15,"column":6},"end":{"line":15,"column":83}},"11":{"start":{"line":17,"column":4},"end":{"line":17,"column":15}},"12":{"start":{"line":19,"column":2},"end":{"line":19,"column":35}}},"fnMap":{"0":{"name":"(anonymous_0)","decl":{"start":{"line":1,"column":15},"end":{"line":1,"column":16}},"loc":{"start":{"line":1,"column":24},"end":{"line":20,"column":1}},"line":1},"1":{"name":"(anonymous_1)","decl":{"start":{"line":2,"column":15},"end":{"line":2,"column":16}},"loc":{"start":{"line":2,"column":26},"end":{"line":18,"column":8}},"line":2},"2":{"name":"(anonymous_2)","decl":{"start":{"line":2,"column":39},"end":{"line":2,"column":40}},"loc":{"start":{"line":2,"column":54},"end":{"line":18,"column":3}},"line":2}},"branchMap":{"0":{"loc":{"start":{"line":3,"column":4},"end":{"line":7,"column":5}},"type":"if","locations":[{"start":{"line":3,"column":4},"end":{"line":7,"column":5}},{"start":{"line":3,"column":4},"end":{"line":7,"column":5}}],"line":3},"1":{"loc":{"start":{"line":8,"column":4},"end":{"line":10,"column":5}},"type":"if","locations":[{"start":{"line":8,"column":4},"end":{"line":10,"column":5}},{"start":{"line":8,"column":4},"end":{"line":10,"column":5}}],"line":8},"2":{"loc":{"start":{"line":11,"column":4},"end":{"line":13,"column":5}},"type":"if","locations":[{"start":{"line":11,"column":4},"end":{"line":13,"column":5}},{"start":{"line":11,"column":4},"end":{"line":13,"column":5}}],"line":11},"3":{"loc":{"start":{"line":14,"column":4},"end":{"line":16,"column":5}},"type":"if","locations":[{"start":{"line":14,"column":4},"end":{"line":16,"column":5}},{"start":{"line":14,"column":4},"end":{"line":16,"column":5}}],"line":14}},"s":{"0":3,"1":3,"2":12,"3":48,"4":9,"5":39,"6":9,"7":30,"8":15,"9":15,"10":6,"11":9,"12":3},"f":{"0":3,"1":12,"2":48},"b":{"0":[9,39],"1":[9,30],"2":[15,15],"3":[6,9]},"_coverageSchema":"43e27e138ebf9cfc5966b082cf9a028302ed4184","hash":"1c7bf2f64cd7a5ed2bd11822585a3b106103511e"}
,"/home/alex/projects/hexlet/frontend-project-lvl2/src/formatters/plain.js": {"path":"/home/alex/projects/hexlet/frontend-project-lvl2/src/formatters/plain.js","statementMap":{"0":{"start":{"line":1,"column":14},"end":{"line":27,"column":1}},"1":{"start":{"line":2,"column":15},"end":{"line":25,"column":8}},"2":{"start":{"line":2,"column":30},"end":{"line":25,"column":8}},"3":{"start":{"line":3,"column":4},"end":{"line":5,"column":5}},"4":{"start":{"line":4,"column":6},"end":{"line":4,"column":60}},"5":{"start":{"line":6,"column":4},"end":{"line":14,"column":5}},"6":{"start":{"line":7,"column":6},"end":{"line":9,"column":7}},"7":{"start":{"line":8,"column":8},"end":{"line":8,"column":100}},"8":{"start":{"line":10,"column":6},"end":{"line":12,"column":7}},"9":{"start":{"line":11,"column":8},"end":{"line":11,"column":100}},"10":{"start":{"line":13,"column":6},"end":{"line":13,"column":96}},"11":{"start":{"line":15,"column":4},"end":{"line":20,"column":5}},"12":{"start":{"line":16,"column":6},"end":{"line":18,"column":7}},"13":{"start":{"line":17,"column":8},"end":{"line":17,"column":87}},"14":{"start":{"line":19,"column":6},"end":{"line":19,"column":80}},"15":{"start":{"line":21,"column":4},"end":{"line":23,"column":5}},"16":{"start":{"line":22,"column":6},"end":{"line":22,"column":59}},"17":{"start":{"line":24,"column":4},"end":{"line":24,"column":15}},"18":{"start":{"line":26,"column":2},"end":{"line":26,"column":23}}},"fnMap":{"0":{"name":"(anonymous_0)","decl":{"start":{"line":1,"column":14},"end":{"line":1,"column":15}},"loc":{"start":{"line":1,"column":23},"end":{"line":27,"column":1}},"line":1},"1":{"name":"(anonymous_1)","decl":{"start":{"line":2,"column":15},"end":{"line":2,"column":16}},"loc":{"start":{"line":2,"column":30},"end":{"line":25,"column":8}},"line":2},"2":{"name":"(anonymous_2)","decl":{"start":{"line":2,"column":43},"end":{"line":2,"column":44}},"loc":{"start":{"line":2,"column":55},"end":{"line":25,"column":3}},"line":2}},"branchMap":{"0":{"loc":{"start":{"line":3,"column":4},"end":{"line":5,"column":5}},"type":"if","locations":[{"start":{"line":3,"column":4},"end":{"line":5,"column":5}},{"start":{"line":3,"column":4},"end":{"line":5,"column":5}}],"line":3},"1":{"loc":{"start":{"line":6,"column":4},"end":{"line":14,"column":5}},"type":"if","locations":[{"start":{"line":6,"column":4},"end":{"line":14,"column":5}},{"start":{"line":6,"column":4},"end":{"line":14,"column":5}}],"line":6},"2":{"loc":{"start":{"line":7,"column":6},"end":{"line":9,"column":7}},"type":"if","locations":[{"start":{"line":7,"column":6},"end":{"line":9,"column":7}},{"start":{"line":7,"column":6},"end":{"line":9,"column":7}}],"line":7},"3":{"loc":{"start":{"line":10,"column":6},"end":{"line":12,"column":7}},"type":"if","locations":[{"start":{"line":10,"column":6},"end":{"line":12,"column":7}},{"start":{"line":10,"column":6},"end":{"line":12,"column":7}}],"line":10},"4":{"loc":{"start":{"line":15,"column":4},"end":{"line":20,"column":5}},"type":"if","locations":[{"start":{"line":15,"column":4},"end":{"line":20,"column":5}},{"start":{"line":15,"column":4},"end":{"line":20,"column":5}}],"line":15},"5":{"loc":{"start":{"line":16,"column":6},"end":{"line":18,"column":7}},"type":"if","locations":[{"start":{"line":16,"column":6},"end":{"line":18,"column":7}},{"start":{"line":16,"column":6},"end":{"line":18,"column":7}}],"line":16},"6":{"loc":{"start":{"line":21,"column":4},"end":{"line":23,"column":5}},"type":"if","locations":[{"start":{"line":21,"column":4},"end":{"line":23,"column":5}},{"start":{"line":21,"column":4},"end":{"line":23,"column":5}}],"line":21}},"s":{"0":3,"1":3,"2":12,"3":48,"4":9,"5":39,"6":9,"7":3,"8":6,"9":3,"10":3,"11":30,"12":15,"13":6,"14":9,"15":15,"16":6,"17":9,"18":3},"f":{"0":3,"1":12,"2":48},"b":{"0":[9,39],"1":[9,30],"2":[3,6],"3":[3,3],"4":[15,15],"5":[6,9],"6":[6,9]},"_coverageSchema":"43e27e138ebf9cfc5966b082cf9a028302ed4184","hash":"59218a27d4288c7f23eb495e7c9d8a6e40eabb8c"}
,"/home/alex/projects/hexlet/frontend-project-lvl2/src/formatters/tree.js": {"path":"/home/alex/projects/hexlet/frontend-project-lvl2/src/formatters/tree.js","statementMap":{"0":{"start":{"line":1,"column":15},"end":{"line":40,"column":1}},"1":{"start":{"line":2,"column":15},"end":{"line":38,"column":8}},"2":{"start":{"line":2,"column":42},"end":{"line":38,"column":8}},"3":{"start":{"line":3,"column":4},"end":{"line":5,"column":5}},"4":{"start":{"line":4,"column":6},"end":{"line":4,"column":124}},"5":{"start":{"line":6,"column":4},"end":{"line":19,"column":5}},"6":{"start":{"line":7,"column":19},"end":{"line":7,"column":70}},"7":{"start":{"line":8,"column":16},"end":{"line":8,"column":67}},"8":{"start":{"line":9,"column":6},"end":{"line":17,"column":7}},"9":{"start":{"line":10,"column":26},"end":{"line":10,"column":49}},"10":{"start":{"line":11,"column":22},"end":{"line":11,"column":117}},"11":{"start":{"line":11,"column":52},"end":{"line":11,"column":112}},"12":{"start":{"line":12,"column":8},"end":{"line":12,"column":89}},"13":{"start":{"line":13,"column":13},"end":{"line":17,"column":7}},"14":{"start":{"line":14,"column":26},"end":{"line":14,"column":49}},"15":{"start":{"line":15,"column":22},"end":{"line":15,"column":111}},"16":{"start":{"line":15,"column":50},"end":{"line":15,"column":106}},"17":{"start":{"line":16,"column":8},"end":{"line":16,"column":86}},"18":{"start":{"line":18,"column":6},"end":{"line":18,"column":37}},"19":{"start":{"line":20,"column":4},"end":{"line":27,"column":5}},"20":{"start":{"line":21,"column":6},"end":{"line":25,"column":7}},"21":{"start":{"line":22,"column":26},"end":{"line":22,"column":46}},"22":{"start":{"line":23,"column":22},"end":{"line":23,"column":108}},"23":{"start":{"line":23,"column":50},"end":{"line":23,"column":103}},"24":{"start":{"line":24,"column":8},"end":{"line":24,"column":93}},"25":{"start":{"line":26,"column":6},"end":{"line":26,"column":68}},"26":{"start":{"line":28,"column":4},"end":{"line":36,"column":5}},"27":{"start":{"line":29,"column":6},"end":{"line":34,"column":7}},"28":{"start":{"line":30,"column":26},"end":{"line":30,"column":46}},"29":{"start":{"line":31,"column":22},"end":{"line":32,"column":13}},"30":{"start":{"line":31,"column":50},"end":{"line":31,"column":103}},"31":{"start":{"line":33,"column":8},"end":{"line":33,"column":93}},"32":{"start":{"line":35,"column":6},"end":{"line":35,"column":68}},"33":{"start":{"line":37,"column":4},"end":{"line":37,"column":64}},"34":{"start":{"line":39,"column":2},"end":{"line":39,"column":34}}},"fnMap":{"0":{"name":"(anonymous_0)","decl":{"start":{"line":1,"column":15},"end":{"line":1,"column":16}},"loc":{"start":{"line":1,"column":24},"end":{"line":40,"column":1}},"line":1},"1":{"name":"(anonymous_1)","decl":{"start":{"line":2,"column":15},"end":{"line":2,"column":16}},"loc":{"start":{"line":2,"column":42},"end":{"line":38,"column":8}},"line":2},"2":{"name":"(anonymous_2)","decl":{"start":{"line":2,"column":55},"end":{"line":2,"column":56}},"loc":{"start":{"line":2,"column":67},"end":{"line":38,"column":3}},"line":2},"3":{"name":"(anonymous_3)","decl":{"start":{"line":11,"column":39},"end":{"line":11,"column":40}},"loc":{"start":{"line":11,"column":52},"end":{"line":11,"column":112}},"line":11},"4":{"name":"(anonymous_4)","decl":{"start":{"line":15,"column":39},"end":{"line":15,"column":40}},"loc":{"start":{"line":15,"column":50},"end":{"line":15,"column":106}},"line":15},"5":{"name":"(anonymous_5)","decl":{"start":{"line":23,"column":39},"end":{"line":23,"column":40}},"loc":{"start":{"line":23,"column":50},"end":{"line":23,"column":103}},"line":23},"6":{"name":"(anonymous_6)","decl":{"start":{"line":31,"column":39},"end":{"line":31,"column":40}},"loc":{"start":{"line":31,"column":50},"end":{"line":31,"column":103}},"line":31}},"branchMap":{"0":{"loc":{"start":{"line":3,"column":4},"end":{"line":5,"column":5}},"type":"if","locations":[{"start":{"line":3,"column":4},"end":{"line":5,"column":5}},{"start":{"line":3,"column":4},"end":{"line":5,"column":5}}],"line":3},"1":{"loc":{"start":{"line":6,"column":4},"end":{"line":19,"column":5}},"type":"if","locations":[{"start":{"line":6,"column":4},"end":{"line":19,"column":5}},{"start":{"line":6,"column":4},"end":{"line":19,"column":5}}],"line":6},"2":{"loc":{"start":{"line":9,"column":6},"end":{"line":17,"column":7}},"type":"if","locations":[{"start":{"line":9,"column":6},"end":{"line":17,"column":7}},{"start":{"line":9,"column":6},"end":{"line":17,"column":7}}],"line":9},"3":{"loc":{"start":{"line":13,"column":13},"end":{"line":17,"column":7}},"type":"if","locations":[{"start":{"line":13,"column":13},"end":{"line":17,"column":7}},{"start":{"line":13,"column":13},"end":{"line":17,"column":7}}],"line":13},"4":{"loc":{"start":{"line":20,"column":4},"end":{"line":27,"column":5}},"type":"if","locations":[{"start":{"line":20,"column":4},"end":{"line":27,"column":5}},{"start":{"line":20,"column":4},"end":{"line":27,"column":5}}],"line":20},"5":{"loc":{"start":{"line":21,"column":6},"end":{"line":25,"column":7}},"type":"if","locations":[{"start":{"line":21,"column":6},"end":{"line":25,"column":7}},{"start":{"line":21,"column":6},"end":{"line":25,"column":7}}],"line":21},"6":{"loc":{"start":{"line":28,"column":4},"end":{"line":36,"column":5}},"type":"if","locations":[{"start":{"line":28,"column":4},"end":{"line":36,"column":5}},{"start":{"line":28,"column":4},"end":{"line":36,"column":5}}],"line":28},"7":{"loc":{"start":{"line":29,"column":6},"end":{"line":34,"column":7}},"type":"if","locations":[{"start":{"line":29,"column":6},"end":{"line":34,"column":7}},{"start":{"line":29,"column":6},"end":{"line":34,"column":7}}],"line":29}},"s":{"0":3,"1":3,"2":12,"3":48,"4":9,"5":39,"6":9,"7":9,"8":9,"9":3,"10":3,"11":3,"12":3,"13":6,"14":3,"15":3,"16":3,"17":3,"18":9,"19":30,"20":15,"21":6,"22":6,"23":6,"24":6,"25":9,"26":15,"27":6,"28":3,"29":3,"30":3,"31":3,"32":3,"33":9,"34":3},"f":{"0":3,"1":12,"2":48,"3":3,"4":3,"5":6,"6":3},"b":{"0":[9,39],"1":[9,30],"2":[3,6],"3":[3,3],"4":[15,15],"5":[6,9],"6":[6,9],"7":[3,3]},"_coverageSchema":"43e27e138ebf9cfc5966b082cf9a028302ed4184","hash":"565dfe04992cba5a844e2bf614ac426b2a3373dc"}
}
