TN:
SF:/home/alex/projects/hexlet/frontend-project-lvl2/src/index.js
FN:6,(anonymous_0)
FN:8,(anonymous_1)
FN:8,(anonymous_2)
FNF:3
FNH:3
FNDA:9,(anonymous_0)
FNDA:36,(anonymous_1)
FNDA:684,(anonymous_2)
DA:4,3
DA:6,3
DA:7,9
DA:8,36
DA:9,684
DA:10,81
DA:11,27
DA:14,27
DA:16,54
DA:17,27
DA:18,27
DA:20,27
DA:23,27
DA:25,603
DA:26,18
DA:27,18
DA:29,585
DA:30,45
DA:31,45
DA:33,540
DA:35,9
LF:21
LH:21
BRDA:9,0,0,81
BRDA:9,0,1,603
BRDA:9,1,0,684
BRDA:9,1,1,99
BRDA:10,2,0,27
BRDA:10,2,1,54
BRDA:10,3,0,81
BRDA:10,3,1,36
BRDA:16,4,0,27
BRDA:16,4,1,27
BRDA:25,5,0,18
BRDA:25,5,1,585
BRDA:29,6,0,45
BRDA:29,6,1,540
BRF:14
BRH:14
end_of_record
TN:
SF:/home/alex/projects/hexlet/frontend-project-lvl2/src/parser.js
FN:7,(anonymous_0)
FN:9,(anonymous_1)
FN:17,(anonymous_2)
FN:42,(anonymous_3)
FNF:4
FNH:4
FNDA:117,(anonymous_0)
FNDA:270,(anonymous_1)
FNDA:9,(anonymous_2)
FNDA:9,(anonymous_3)
DA:1,3
DA:2,3
DA:3,3
DA:4,3
DA:5,3
DA:7,3
DA:8,117
DA:9,117
DA:10,270
DA:11,99
DA:13,171
DA:17,3
DA:18,9
DA:19,9
DA:20,9
DA:21,9
DA:22,3
DA:27,6
DA:28,3
DA:33,3
DA:34,3
DA:39,0
DA:42,3
DA:43,9
DA:44,9
DA:48,9
LF:26
LH:25
BRDA:10,0,0,99
BRDA:10,0,1,171
BRDA:20,1,0,9
BRDA:20,1,1,0
BRDA:21,2,0,3
BRDA:21,2,1,6
BRDA:27,3,0,3
BRDA:27,3,1,3
BRDA:33,4,0,3
BRDA:33,4,1,0
BRF:10
BRH:8
end_of_record
TN:
SF:/home/alex/projects/hexlet/frontend-project-lvl2/src/formatters/index.js
FN:5,(anonymous_0)
FNF:1
FNH:1
FNDA:9,(anonymous_0)
DA:5,3
DA:6,9
DA:7,3
DA:9,6
DA:10,3
DA:12,3
DA:13,3
DA:15,0
LF:8
LH:7
BRDA:6,0,0,3
BRDA:6,0,1,6
BRDA:9,1,0,3
BRDA:9,1,1,3
BRDA:12,2,0,3
BRDA:12,2,1,0
BRF:6
BRH:5
end_of_record
TN:
SF:/home/alex/projects/hexlet/frontend-project-lvl2/src/formatters/json.js
FN:1,(anonymous_0)
FN:2,(anonymous_1)
FN:2,(anonymous_2)
FNF:3
FNH:3
FNDA:3,(anonymous_0)
FNDA:12,(anonymous_1)
FNDA:48,(anonymous_2)
DA:1,3
DA:2,12
DA:3,48
DA:4,9
DA:8,39
DA:9,9
DA:11,30
DA:12,15
DA:14,15
DA:15,6
DA:17,9
DA:19,3
LF:12
LH:12
BRDA:3,0,0,9
BRDA:3,0,1,39
BRDA:8,1,0,9
BRDA:8,1,1,30
BRDA:11,2,0,15
BRDA:11,2,1,15
BRDA:14,3,0,6
BRDA:14,3,1,9
BRF:8
BRH:8
end_of_record
TN:
SF:/home/alex/projects/hexlet/frontend-project-lvl2/src/formatters/plain.js
FN:1,(anonymous_0)
FN:2,(anonymous_1)
FN:2,(anonymous_2)
FNF:3
FNH:3
FNDA:3,(anonymous_0)
FNDA:12,(anonymous_1)
FNDA:48,(anonymous_2)
DA:1,3
DA:2,12
DA:3,48
DA:4,9
DA:6,39
DA:7,9
DA:8,3
DA:10,6
DA:11,3
DA:13,3
DA:15,30
DA:16,15
DA:17,6
DA:19,9
DA:21,15
DA:22,6
DA:24,9
DA:26,3
LF:18
LH:18
BRDA:3,0,0,9
BRDA:3,0,1,39
BRDA:6,1,0,9
BRDA:6,1,1,30
BRDA:7,2,0,3
BRDA:7,2,1,6
BRDA:10,3,0,3
BRDA:10,3,1,3
BRDA:15,4,0,15
BRDA:15,4,1,15
BRDA:16,5,0,6
BRDA:16,5,1,9
BRDA:21,6,0,6
BRDA:21,6,1,9
BRF:14
BRH:14
end_of_record
TN:
SF:/home/alex/projects/hexlet/frontend-project-lvl2/src/formatters/tree.js
FN:1,(anonymous_0)
FN:2,(anonymous_1)
FN:2,(anonymous_2)
FN:11,(anonymous_3)
FN:15,(anonymous_4)
FN:23,(anonymous_5)
FN:31,(anonymous_6)
FNF:7
FNH:7
FNDA:3,(anonymous_0)
FNDA:12,(anonymous_1)
FNDA:48,(anonymous_2)
FNDA:3,(anonymous_3)
FNDA:3,(anonymous_4)
FNDA:6,(anonymous_5)
FNDA:3,(anonymous_6)
DA:1,3
DA:2,12
DA:3,48
DA:4,9
DA:6,39
DA:7,9
DA:8,9
DA:9,9
DA:10,3
DA:11,3
DA:12,3
DA:13,6
DA:14,3
DA:15,3
DA:16,3
DA:18,9
DA:20,30
DA:21,15
DA:22,6
DA:23,6
DA:24,6
DA:26,9
DA:28,15
DA:29,6
DA:30,3
DA:31,3
DA:33,3
DA:35,3
DA:37,9
DA:39,3
LF:30
LH:30
BRDA:3,0,0,9
BRDA:3,0,1,39
BRDA:6,1,0,9
BRDA:6,1,1,30
BRDA:9,2,0,3
BRDA:9,2,1,6
BRDA:13,3,0,3
BRDA:13,3,1,3
BRDA:20,4,0,15
BRDA:20,4,1,15
BRDA:21,5,0,6
BRDA:21,5,1,9
BRDA:28,6,0,6
BRDA:28,6,1,9
BRDA:29,7,0,3
BRDA:29,7,1,3
BRF:16
BRH:16
end_of_record
